<?xml version="1.0" encoding="UTF-8"?>
<!-- Generated by org.testng.reporters.JUnitReportReporter -->
<testsuite hostname="DESKTOP-K3H1K8R" failures="0" tests="1" name="firstProject.NewTest" time="0.011" errors="0" timestamp="2021-02-04T13:37:38 CET" skipped="0">
  <testcase classname="firstProject.NewTest" name="f" time="0.011"/>
  <system-out/>
</testsuite> <!-- firstProject.NewTest -->
